<?xml version="1.0" encoding="UTF-8"?>
<testsuite xmlns:xsi="http://www.w3.org/2001/XMLSchema-instance" xsi:noNamespaceSchemaLocation="https://maven.apache.org/surefire/maven-surefire-plugin/xsd/surefire-test-report-3.0.xsd" version="3.0" name="runner.TestRunner" time="4.943" tests="1" errors="0" skipped="0" failures="0">
  <properties>
[...]
</properties>
  <testcase name="Realizar pedido" classname="Realizar pedido" time="4.92">
    <system-out><![CDATA[ ##### Introduzindo nome, sobrenome e cep... ##### 
 ##### Clicando no botao continuar... ##### 
 ##### Verificando url... ##### 
 ##### Clicando no botao finalizar compra ##### 
################# teste feito com sucesso ################
]]></system-out>
    <system-err><![CDATA[jan. 30, 2025 3:57:45 AM org.openqa.selenium.devtools.CdpVersionFinder findNearestMatch
WARNING: Unable to find an exact match for CDP version 132, returning the closest version; found: 128; Please update to a Selenium version that supports CDP version 132
]]></system-err>
  </testcase>
</testsuite>